{"/Users/bayuaslama/Documents/phase3/final/server/app.js": {"path":"/Users/bayuaslama/Documents/phase3/final/server/app.js","statementMap":{"0":{"start":{"line":1,"column":0},"end":{"line":3,"column":1}},"1":{"start":{"line":2,"column":4},"end":{"line":2,"column":30}},"2":{"start":{"line":5,"column":13},"end":{"line":5,"column":28}},"3":{"start":{"line":6,"column":16},"end":{"line":6,"column":34}},"4":{"start":{"line":7,"column":12},"end":{"line":7,"column":21}},"5":{"start":{"line":8,"column":16},"end":{"line":8,"column":36}},"6":{"start":{"line":9,"column":21},"end":{"line":9,"column":58}},"7":{"start":{"line":11,"column":0},"end":{"line":11,"column":15}},"8":{"start":{"line":12,"column":0},"end":{"line":12,"column":48}},"9":{"start":{"line":13,"column":0},"end":{"line":13,"column":23}},"10":{"start":{"line":14,"column":0},"end":{"line":14,"column":16}},"11":{"start":{"line":15,"column":0},"end":{"line":15,"column":21}},"12":{"start":{"line":17,"column":0},"end":{"line":17,"column":20}}},"fnMap":{},"branchMap":{"0":{"loc":{"start":{"line":1,"column":0},"end":{"line":3,"column":1}},"type":"if","locations":[{"start":{"line":1,"column":0},"end":{"line":3,"column":1}},{"start":{"line":1,"column":0},"end":{"line":3,"column":1}}],"line":1}},"s":{"0":1,"1":1,"2":1,"3":1,"4":1,"5":1,"6":1,"7":1,"8":1,"9":1,"10":1,"11":1,"12":1},"f":{},"b":{"0":[1,0]},"_coverageSchema":"1a1c01bbd47fc00a2c39e90264f33305004495a9","hash":"1aa4fbf5f12154af5622ff6570b4d20c799d3b36"}
,"/Users/bayuaslama/Documents/phase3/final/server/controllers/customerController.js": {"path":"/Users/bayuaslama/Documents/phase3/final/server/controllers/customerController.js","statementMap":{"0":{"start":{"line":1,"column":21},"end":{"line":1,"column":41}},"1":{"start":{"line":5,"column":42},"end":{"line":5,"column":50}},"2":{"start":{"line":6,"column":8},"end":{"line":14,"column":26}},"3":{"start":{"line":8,"column":39},"end":{"line":8,"column":47}},"4":{"start":{"line":9,"column":16},"end":{"line":13,"column":18}},"5":{"start":{"line":18,"column":42},"end":{"line":18,"column":50}},"6":{"start":{"line":19,"column":8},"end":{"line":32,"column":26}},"7":{"start":{"line":26,"column":39},"end":{"line":26,"column":47}},"8":{"start":{"line":27,"column":16},"end":{"line":31,"column":18}},"9":{"start":{"line":36,"column":0},"end":{"line":36,"column":35}}},"fnMap":{"0":{"name":"(anonymous_0)","decl":{"start":{"line":4,"column":4},"end":{"line":4,"column":5}},"loc":{"start":{"line":4,"column":36},"end":{"line":15,"column":5}},"line":4},"1":{"name":"(anonymous_1)","decl":{"start":{"line":7,"column":18},"end":{"line":7,"column":19}},"loc":{"start":{"line":7,"column":32},"end":{"line":14,"column":13}},"line":7},"2":{"name":"(anonymous_2)","decl":{"start":{"line":17,"column":4},"end":{"line":17,"column":5}},"loc":{"start":{"line":17,"column":33},"end":{"line":33,"column":5}},"line":17},"3":{"name":"(anonymous_3)","decl":{"start":{"line":25,"column":18},"end":{"line":25,"column":19}},"loc":{"start":{"line":25,"column":32},"end":{"line":32,"column":13}},"line":25}},"branchMap":{},"s":{"0":1,"1":0,"2":0,"3":0,"4":0,"5":0,"6":0,"7":0,"8":0,"9":1},"f":{"0":0,"1":0,"2":0,"3":0},"b":{},"_coverageSchema":"1a1c01bbd47fc00a2c39e90264f33305004495a9","hash":"a66c23198a8246a1bbbfe71e240cbf1d3361f8b3"}
,"/Users/bayuaslama/Documents/phase3/final/server/controllers/merchantController.js": {"path":"/Users/bayuaslama/Documents/phase3/final/server/controllers/merchantController.js","statementMap":{"0":{"start":{"line":1,"column":21},"end":{"line":1,"column":41}},"1":{"start":{"line":5,"column":4},"end":{"line":9,"column":18}},"2":{"start":{"line":7,"column":8},"end":{"line":7,"column":39}},"3":{"start":{"line":13,"column":68},"end":{"line":13,"column":76}},"4":{"start":{"line":14,"column":4},"end":{"line":26,"column":20}},"5":{"start":{"line":16,"column":31},"end":{"line":16,"column":39}},"6":{"start":{"line":17,"column":8},"end":{"line":25,"column":10}},"7":{"start":{"line":30,"column":0},"end":{"line":30,"column":35}}},"fnMap":{"0":{"name":"(anonymous_0)","decl":{"start":{"line":4,"column":2},"end":{"line":4,"column":3}},"loc":{"start":{"line":4,"column":41},"end":{"line":10,"column":3}},"line":4},"1":{"name":"(anonymous_1)","decl":{"start":{"line":6,"column":12},"end":{"line":6,"column":13}},"loc":{"start":{"line":6,"column":27},"end":{"line":8,"column":7}},"line":6},"2":{"name":"(anonymous_2)","decl":{"start":{"line":12,"column":2},"end":{"line":12,"column":3}},"loc":{"start":{"line":12,"column":40},"end":{"line":27,"column":3}},"line":12},"3":{"name":"(anonymous_3)","decl":{"start":{"line":15,"column":12},"end":{"line":15,"column":13}},"loc":{"start":{"line":15,"column":26},"end":{"line":26,"column":7}},"line":15}},"branchMap":{},"s":{"0":1,"1":1,"2":1,"3":0,"4":0,"5":0,"6":0,"7":1},"f":{"0":1,"1":1,"2":0,"3":0},"b":{},"_coverageSchema":"1a1c01bbd47fc00a2c39e90264f33305004495a9","hash":"1da8a80d1f7e95d4748d64448ce62ed292b3797f"}
,"/Users/bayuaslama/Documents/phase3/final/server/controllers/queueController.js": {"path":"/Users/bayuaslama/Documents/phase3/final/server/controllers/queueController.js","statementMap":{"0":{"start":{"line":1,"column":28},"end":{"line":1,"column":48}},"1":{"start":{"line":2,"column":15},"end":{"line":2,"column":35}},"2":{"start":{"line":3,"column":26},"end":{"line":3,"column":51}},"3":{"start":{"line":7,"column":38},"end":{"line":7,"column":46}},"4":{"start":{"line":9,"column":4},"end":{"line":32,"column":8}},"5":{"start":{"line":18,"column":8},"end":{"line":31,"column":9}},"6":{"start":{"line":19,"column":10},"end":{"line":25,"column":14}},"7":{"start":{"line":21,"column":14},"end":{"line":21,"column":51}},"8":{"start":{"line":24,"column":14},"end":{"line":24,"column":30}},"9":{"start":{"line":27,"column":10},"end":{"line":30,"column":12}},"10":{"start":{"line":35,"column":19},"end":{"line":35,"column":29}},"11":{"start":{"line":36,"column":4},"end":{"line":49,"column":8}},"12":{"start":{"line":44,"column":8},"end":{"line":44,"column":70}},"13":{"start":{"line":45,"column":8},"end":{"line":45,"column":45}},"14":{"start":{"line":48,"column":8},"end":{"line":48,"column":24}},"15":{"start":{"line":53,"column":19},"end":{"line":53,"column":29}},"16":{"start":{"line":54,"column":4},"end":{"line":75,"column":8}},"17":{"start":{"line":68,"column":8},"end":{"line":70,"column":10}},"18":{"start":{"line":69,"column":10},"end":{"line":69,"column":60}},"19":{"start":{"line":71,"column":8},"end":{"line":71,"column":45}},"20":{"start":{"line":74,"column":8},"end":{"line":74,"column":24}},"21":{"start":{"line":80,"column":19},"end":{"line":80,"column":29}},"22":{"start":{"line":81,"column":4},"end":{"line":102,"column":8}},"23":{"start":{"line":95,"column":8},"end":{"line":97,"column":10}},"24":{"start":{"line":96,"column":10},"end":{"line":96,"column":60}},"25":{"start":{"line":98,"column":8},"end":{"line":98,"column":45}},"26":{"start":{"line":101,"column":8},"end":{"line":101,"column":24}},"27":{"start":{"line":107,"column":19},"end":{"line":107,"column":29}},"28":{"start":{"line":108,"column":4},"end":{"line":131,"column":8}},"29":{"start":{"line":124,"column":8},"end":{"line":126,"column":10}},"30":{"start":{"line":125,"column":10},"end":{"line":125,"column":60}},"31":{"start":{"line":127,"column":8},"end":{"line":127,"column":48}},"32":{"start":{"line":130,"column":8},"end":{"line":130,"column":24}},"33":{"start":{"line":135,"column":19},"end":{"line":135,"column":29}},"34":{"start":{"line":137,"column":4},"end":{"line":151,"column":8}},"35":{"start":{"line":147,"column":8},"end":{"line":147,"column":51}},"36":{"start":{"line":150,"column":8},"end":{"line":150,"column":24}},"37":{"start":{"line":155,"column":0},"end":{"line":155,"column":32}}},"fnMap":{"0":{"name":"(anonymous_0)","decl":{"start":{"line":6,"column":2},"end":{"line":6,"column":3}},"loc":{"start":{"line":6,"column":32},"end":{"line":33,"column":3}},"line":6},"1":{"name":"(anonymous_1)","decl":{"start":{"line":17,"column":12},"end":{"line":17,"column":13}},"loc":{"start":{"line":17,"column":24},"end":{"line":32,"column":7}},"line":17},"2":{"name":"(anonymous_2)","decl":{"start":{"line":20,"column":18},"end":{"line":20,"column":19}},"loc":{"start":{"line":20,"column":30},"end":{"line":22,"column":13}},"line":20},"3":{"name":"(anonymous_3)","decl":{"start":{"line":23,"column":19},"end":{"line":23,"column":20}},"loc":{"start":{"line":23,"column":26},"end":{"line":25,"column":13}},"line":23},"4":{"name":"(anonymous_4)","decl":{"start":{"line":34,"column":2},"end":{"line":34,"column":3}},"loc":{"start":{"line":34,"column":39},"end":{"line":50,"column":3}},"line":34},"5":{"name":"(anonymous_5)","decl":{"start":{"line":43,"column":12},"end":{"line":43,"column":13}},"loc":{"start":{"line":43,"column":24},"end":{"line":46,"column":7}},"line":43},"6":{"name":"(anonymous_6)","decl":{"start":{"line":47,"column":13},"end":{"line":47,"column":14}},"loc":{"start":{"line":47,"column":20},"end":{"line":49,"column":7}},"line":47},"7":{"name":"(anonymous_7)","decl":{"start":{"line":52,"column":2},"end":{"line":52,"column":3}},"loc":{"start":{"line":52,"column":39},"end":{"line":76,"column":3}},"line":52},"8":{"name":"(anonymous_8)","decl":{"start":{"line":67,"column":12},"end":{"line":67,"column":13}},"loc":{"start":{"line":67,"column":24},"end":{"line":72,"column":7}},"line":67},"9":{"name":"(anonymous_9)","decl":{"start":{"line":68,"column":25},"end":{"line":68,"column":26}},"loc":{"start":{"line":68,"column":31},"end":{"line":70,"column":9}},"line":68},"10":{"name":"(anonymous_10)","decl":{"start":{"line":73,"column":13},"end":{"line":73,"column":14}},"loc":{"start":{"line":73,"column":20},"end":{"line":75,"column":7}},"line":73},"11":{"name":"(anonymous_11)","decl":{"start":{"line":79,"column":2},"end":{"line":79,"column":3}},"loc":{"start":{"line":79,"column":37},"end":{"line":103,"column":3}},"line":79},"12":{"name":"(anonymous_12)","decl":{"start":{"line":94,"column":12},"end":{"line":94,"column":13}},"loc":{"start":{"line":94,"column":24},"end":{"line":99,"column":7}},"line":94},"13":{"name":"(anonymous_13)","decl":{"start":{"line":95,"column":25},"end":{"line":95,"column":26}},"loc":{"start":{"line":95,"column":31},"end":{"line":97,"column":9}},"line":95},"14":{"name":"(anonymous_14)","decl":{"start":{"line":100,"column":13},"end":{"line":100,"column":14}},"loc":{"start":{"line":100,"column":20},"end":{"line":102,"column":7}},"line":100},"15":{"name":"(anonymous_15)","decl":{"start":{"line":106,"column":2},"end":{"line":106,"column":3}},"loc":{"start":{"line":106,"column":46},"end":{"line":132,"column":3}},"line":106},"16":{"name":"(anonymous_16)","decl":{"start":{"line":123,"column":12},"end":{"line":123,"column":13}},"loc":{"start":{"line":123,"column":24},"end":{"line":128,"column":7}},"line":123},"17":{"name":"(anonymous_17)","decl":{"start":{"line":124,"column":25},"end":{"line":124,"column":26}},"loc":{"start":{"line":124,"column":31},"end":{"line":126,"column":9}},"line":124},"18":{"name":"(anonymous_18)","decl":{"start":{"line":129,"column":13},"end":{"line":129,"column":14}},"loc":{"start":{"line":129,"column":20},"end":{"line":131,"column":7}},"line":129},"19":{"name":"(anonymous_19)","decl":{"start":{"line":134,"column":2},"end":{"line":134,"column":3}},"loc":{"start":{"line":134,"column":38},"end":{"line":152,"column":3}},"line":134},"20":{"name":"(anonymous_20)","decl":{"start":{"line":146,"column":12},"end":{"line":146,"column":13}},"loc":{"start":{"line":146,"column":24},"end":{"line":148,"column":7}},"line":146},"21":{"name":"(anonymous_21)","decl":{"start":{"line":149,"column":13},"end":{"line":149,"column":14}},"loc":{"start":{"line":149,"column":20},"end":{"line":151,"column":7}},"line":149}},"branchMap":{"0":{"loc":{"start":{"line":18,"column":8},"end":{"line":31,"column":9}},"type":"if","locations":[{"start":{"line":18,"column":8},"end":{"line":31,"column":9}},{"start":{"line":18,"column":8},"end":{"line":31,"column":9}}],"line":18}},"s":{"0":1,"1":1,"2":1,"3":5,"4":5,"5":5,"6":4,"7":2,"8":2,"9":1,"10":1,"11":1,"12":1,"13":0,"14":1,"15":1,"16":1,"17":1,"18":0,"19":1,"20":0,"21":0,"22":0,"23":0,"24":0,"25":0,"26":0,"27":1,"28":1,"29":1,"30":0,"31":1,"32":0,"33":3,"34":3,"35":3,"36":0,"37":1},"f":{"0":5,"1":5,"2":2,"3":2,"4":1,"5":1,"6":1,"7":1,"8":1,"9":0,"10":0,"11":0,"12":0,"13":0,"14":0,"15":1,"16":1,"17":0,"18":0,"19":3,"20":3,"21":0},"b":{"0":[4,1]},"_coverageSchema":"1a1c01bbd47fc00a2c39e90264f33305004495a9","hash":"f9aad18dd42e2b73aa87f8a8036f4fdeda3b3d9a"}
,"/Users/bayuaslama/Documents/phase3/final/server/controllers/serviceController.js": {"path":"/Users/bayuaslama/Documents/phase3/final/server/controllers/serviceController.js","statementMap":{"0":{"start":{"line":1,"column":20},"end":{"line":1,"column":40}},"1":{"start":{"line":5,"column":19},"end":{"line":5,"column":29}},"2":{"start":{"line":6,"column":4},"end":{"line":16,"column":8}},"3":{"start":{"line":12,"column":8},"end":{"line":12,"column":45}},"4":{"start":{"line":15,"column":8},"end":{"line":15,"column":24}},"5":{"start":{"line":20,"column":0},"end":{"line":20,"column":34}}},"fnMap":{"0":{"name":"(anonymous_0)","decl":{"start":{"line":4,"column":2},"end":{"line":4,"column":3}},"loc":{"start":{"line":4,"column":42},"end":{"line":17,"column":3}},"line":4},"1":{"name":"(anonymous_1)","decl":{"start":{"line":11,"column":12},"end":{"line":11,"column":13}},"loc":{"start":{"line":11,"column":24},"end":{"line":13,"column":7}},"line":11},"2":{"name":"(anonymous_2)","decl":{"start":{"line":14,"column":13},"end":{"line":14,"column":14}},"loc":{"start":{"line":14,"column":20},"end":{"line":16,"column":7}},"line":14}},"branchMap":{},"s":{"0":1,"1":1,"2":1,"3":1,"4":0,"5":1},"f":{"0":1,"1":1,"2":0},"b":{},"_coverageSchema":"1a1c01bbd47fc00a2c39e90264f33305004495a9","hash":"996b6e40520f06dce12a9cb3d78208abf638ab0b"}
,"/Users/bayuaslama/Documents/phase3/final/server/helpers/jwt.js": {"path":"/Users/bayuaslama/Documents/phase3/final/server/helpers/jwt.js","statementMap":{"0":{"start":{"line":1,"column":12},"end":{"line":1,"column":35}},"1":{"start":{"line":4,"column":4},"end":{"line":4,"column":49}},"2":{"start":{"line":8,"column":4},"end":{"line":8,"column":49}},"3":{"start":{"line":11,"column":0},"end":{"line":11,"column":47}}},"fnMap":{"0":{"name":"generateToken","decl":{"start":{"line":3,"column":9},"end":{"line":3,"column":22}},"loc":{"start":{"line":3,"column":33},"end":{"line":5,"column":1}},"line":3},"1":{"name":"verifyToken","decl":{"start":{"line":7,"column":9},"end":{"line":7,"column":20}},"loc":{"start":{"line":7,"column":29},"end":{"line":9,"column":1}},"line":7}},"branchMap":{},"s":{"0":1,"1":0,"2":0,"3":1},"f":{"0":0,"1":0},"b":{},"_coverageSchema":"1a1c01bbd47fc00a2c39e90264f33305004495a9","hash":"c86d26fee4042d160f5e9bcbcb94177437921631"}
,"/Users/bayuaslama/Documents/phase3/final/server/helpers/qrVerify.js": {"path":"/Users/bayuaslama/Documents/phase3/final/server/helpers/qrVerify.js","statementMap":{"0":{"start":{"line":1,"column":24},"end":{"line":1,"column":40}},"1":{"start":{"line":2,"column":18},"end":{"line":2,"column":38}},"2":{"start":{"line":4,"column":17},"end":{"line":39,"column":1}},"3":{"start":{"line":5,"column":4},"end":{"line":38,"column":5}},"4":{"start":{"line":6,"column":26},"end":{"line":6,"column":34}},"5":{"start":{"line":7,"column":24},"end":{"line":7,"column":42}},"6":{"start":{"line":8,"column":8},"end":{"line":35,"column":9}},"7":{"start":{"line":9,"column":12},"end":{"line":29,"column":18}},"8":{"start":{"line":18,"column":18},"end":{"line":25,"column":19}},"9":{"start":{"line":19,"column":22},"end":{"line":19,"column":58}},"10":{"start":{"line":21,"column":22},"end":{"line":24,"column":24}},"11":{"start":{"line":28,"column":18},"end":{"line":28,"column":34}},"12":{"start":{"line":31,"column":12},"end":{"line":34,"column":14}},"13":{"start":{"line":37,"column":8},"end":{"line":37,"column":24}},"14":{"start":{"line":41,"column":0},"end":{"line":41,"column":25}}},"fnMap":{"0":{"name":"(anonymous_0)","decl":{"start":{"line":4,"column":17},"end":{"line":4,"column":18}},"loc":{"start":{"line":4,"column":37},"end":{"line":39,"column":1}},"line":4},"1":{"name":"(anonymous_1)","decl":{"start":{"line":17,"column":22},"end":{"line":17,"column":23}},"loc":{"start":{"line":17,"column":34},"end":{"line":26,"column":17}},"line":17},"2":{"name":"(anonymous_2)","decl":{"start":{"line":27,"column":23},"end":{"line":27,"column":24}},"loc":{"start":{"line":27,"column":30},"end":{"line":29,"column":17}},"line":27}},"branchMap":{"0":{"loc":{"start":{"line":8,"column":8},"end":{"line":35,"column":9}},"type":"if","locations":[{"start":{"line":8,"column":8},"end":{"line":35,"column":9}},{"start":{"line":8,"column":8},"end":{"line":35,"column":9}}],"line":8},"1":{"loc":{"start":{"line":18,"column":18},"end":{"line":25,"column":19}},"type":"if","locations":[{"start":{"line":18,"column":18},"end":{"line":25,"column":19}},{"start":{"line":18,"column":18},"end":{"line":25,"column":19}}],"line":18}},"s":{"0":1,"1":1,"2":1,"3":0,"4":0,"5":0,"6":0,"7":0,"8":0,"9":0,"10":0,"11":0,"12":0,"13":0,"14":1},"f":{"0":0,"1":0,"2":0},"b":{"0":[0,0],"1":[0,0]},"_coverageSchema":"1a1c01bbd47fc00a2c39e90264f33305004495a9","hash":"9c1ee1b61b55b7a81672a10286e19141244d9166"}
,"/Users/bayuaslama/Documents/phase3/final/server/middlewares/errorHandler.js": {"path":"/Users/bayuaslama/Documents/phase3/final/server/middlewares/errorHandler.js","statementMap":{"0":{"start":{"line":1,"column":21},"end":{"line":57,"column":1}},"1":{"start":{"line":2,"column":2},"end":{"line":2,"column":19}},"2":{"start":{"line":3,"column":15},"end":{"line":3,"column":18}},"3":{"start":{"line":4,"column":16},"end":{"line":6,"column":3}},"4":{"start":{"line":7,"column":2},"end":{"line":54,"column":3}},"5":{"start":{"line":8,"column":4},"end":{"line":8,"column":17}},"6":{"start":{"line":9,"column":21},"end":{"line":9,"column":23}},"7":{"start":{"line":10,"column":4},"end":{"line":12,"column":5}},"8":{"start":{"line":10,"column":17},"end":{"line":10,"column":18}},"9":{"start":{"line":11,"column":6},"end":{"line":11,"column":44}},"10":{"start":{"line":13,"column":4},"end":{"line":16,"column":5}},"11":{"start":{"line":18,"column":7},"end":{"line":54,"column":3}},"12":{"start":{"line":19,"column":21},"end":{"line":19,"column":23}},"13":{"start":{"line":20,"column":4},"end":{"line":22,"column":5}},"14":{"start":{"line":20,"column":17},"end":{"line":20,"column":18}},"15":{"start":{"line":21,"column":6},"end":{"line":21,"column":44}},"16":{"start":{"line":23,"column":4},"end":{"line":23,"column":17}},"17":{"start":{"line":24,"column":4},"end":{"line":27,"column":5}},"18":{"start":{"line":28,"column":9},"end":{"line":54,"column":3}},"19":{"start":{"line":29,"column":4},"end":{"line":29,"column":16}},"20":{"start":{"line":30,"column":4},"end":{"line":33,"column":5}},"21":{"start":{"line":34,"column":9},"end":{"line":54,"column":3}},"22":{"start":{"line":35,"column":4},"end":{"line":35,"column":16}},"23":{"start":{"line":36,"column":4},"end":{"line":39,"column":5}},"24":{"start":{"line":40,"column":9},"end":{"line":54,"column":3}},"25":{"start":{"line":41,"column":4},"end":{"line":41,"column":16}},"26":{"start":{"line":42,"column":4},"end":{"line":46,"column":5}},"27":{"start":{"line":47,"column":9},"end":{"line":54,"column":3}},"28":{"start":{"line":48,"column":4},"end":{"line":48,"column":16}},"29":{"start":{"line":49,"column":4},"end":{"line":53,"column":5}},"30":{"start":{"line":56,"column":2},"end":{"line":56,"column":34}},"31":{"start":{"line":59,"column":0},"end":{"line":59,"column":29}}},"fnMap":{"0":{"name":"(anonymous_0)","decl":{"start":{"line":1,"column":21},"end":{"line":1,"column":22}},"loc":{"start":{"line":1,"column":46},"end":{"line":57,"column":1}},"line":1}},"branchMap":{"0":{"loc":{"start":{"line":7,"column":2},"end":{"line":54,"column":3}},"type":"if","locations":[{"start":{"line":7,"column":2},"end":{"line":54,"column":3}},{"start":{"line":7,"column":2},"end":{"line":54,"column":3}}],"line":7},"1":{"loc":{"start":{"line":18,"column":7},"end":{"line":54,"column":3}},"type":"if","locations":[{"start":{"line":18,"column":7},"end":{"line":54,"column":3}},{"start":{"line":18,"column":7},"end":{"line":54,"column":3}}],"line":18},"2":{"loc":{"start":{"line":28,"column":9},"end":{"line":54,"column":3}},"type":"if","locations":[{"start":{"line":28,"column":9},"end":{"line":54,"column":3}},{"start":{"line":28,"column":9},"end":{"line":54,"column":3}}],"line":28},"3":{"loc":{"start":{"line":34,"column":9},"end":{"line":54,"column":3}},"type":"if","locations":[{"start":{"line":34,"column":9},"end":{"line":54,"column":3}},{"start":{"line":34,"column":9},"end":{"line":54,"column":3}}],"line":34},"4":{"loc":{"start":{"line":40,"column":9},"end":{"line":54,"column":3}},"type":"if","locations":[{"start":{"line":40,"column":9},"end":{"line":54,"column":3}},{"start":{"line":40,"column":9},"end":{"line":54,"column":3}}],"line":40},"5":{"loc":{"start":{"line":47,"column":9},"end":{"line":54,"column":3}},"type":"if","locations":[{"start":{"line":47,"column":9},"end":{"line":54,"column":3}},{"start":{"line":47,"column":9},"end":{"line":54,"column":3}}],"line":47}},"s":{"0":1,"1":4,"2":4,"3":4,"4":4,"5":2,"6":2,"7":2,"8":2,"9":2,"10":2,"11":2,"12":0,"13":0,"14":0,"15":0,"16":0,"17":0,"18":2,"19":1,"20":1,"21":1,"22":0,"23":0,"24":1,"25":0,"26":0,"27":1,"28":0,"29":0,"30":4,"31":1},"f":{"0":4},"b":{"0":[2,2],"1":[0,2],"2":[1,1],"3":[0,1],"4":[0,1],"5":[0,1]},"_coverageSchema":"1a1c01bbd47fc00a2c39e90264f33305004495a9","hash":"23e9a5a38fff97ba39ac356bd972ae537f10ab3f"}
,"/Users/bayuaslama/Documents/phase3/final/server/models/customer.js": {"path":"/Users/bayuaslama/Documents/phase3/final/server/models/customer.js","statementMap":{"0":{"start":{"line":2,"column":0},"end":{"line":40,"column":2}},"1":{"start":{"line":4,"column":0},"end":{"line":34,"column":2}},"2":{"start":{"line":35,"column":2},"end":{"line":38,"column":4}},"3":{"start":{"line":36,"column":4},"end":{"line":36,"column":64}},"4":{"start":{"line":39,"column":2},"end":{"line":39,"column":18}}},"fnMap":{"0":{"name":"(anonymous_0)","decl":{"start":{"line":2,"column":17},"end":{"line":2,"column":18}},"loc":{"start":{"line":2,"column":43},"end":{"line":40,"column":1}},"line":2},"1":{"name":"(anonymous_1)","decl":{"start":{"line":35,"column":23},"end":{"line":35,"column":24}},"loc":{"start":{"line":35,"column":40},"end":{"line":38,"column":3}},"line":35}},"branchMap":{},"s":{"0":1,"1":1,"2":1,"3":1,"4":1},"f":{"0":1,"1":1},"b":{},"_coverageSchema":"1a1c01bbd47fc00a2c39e90264f33305004495a9","hash":"1fef9b2c67bcd0d7f5423d4a8f802b87c805e1ef"}
,"/Users/bayuaslama/Documents/phase3/final/server/models/index.js": {"path":"/Users/bayuaslama/Documents/phase3/final/server/models/index.js","statementMap":{"0":{"start":{"line":3,"column":11},"end":{"line":3,"column":24}},"1":{"start":{"line":4,"column":13},"end":{"line":4,"column":28}},"2":{"start":{"line":5,"column":18},"end":{"line":5,"column":38}},"3":{"start":{"line":6,"column":17},"end":{"line":6,"column":42}},"4":{"start":{"line":7,"column":12},"end":{"line":7,"column":49}},"5":{"start":{"line":8,"column":15},"end":{"line":8,"column":65}},"6":{"start":{"line":9,"column":11},"end":{"line":9,"column":13}},"7":{"start":{"line":12,"column":0},"end":{"line":16,"column":1}},"8":{"start":{"line":13,"column":2},"end":{"line":13,"column":74}},"9":{"start":{"line":15,"column":2},"end":{"line":15,"column":87}},"10":{"start":{"line":18,"column":0},"end":{"line":26,"column":5}},"11":{"start":{"line":21,"column":4},"end":{"line":21,"column":90}},"12":{"start":{"line":24,"column":18},"end":{"line":24,"column":65}},"13":{"start":{"line":25,"column":4},"end":{"line":25,"column":27}},"14":{"start":{"line":28,"column":0},"end":{"line":32,"column":3}},"15":{"start":{"line":29,"column":2},"end":{"line":31,"column":3}},"16":{"start":{"line":30,"column":4},"end":{"line":30,"column":32}},"17":{"start":{"line":34,"column":0},"end":{"line":34,"column":25}},"18":{"start":{"line":35,"column":0},"end":{"line":35,"column":25}},"19":{"start":{"line":37,"column":0},"end":{"line":37,"column":20}}},"fnMap":{"0":{"name":"(anonymous_0)","decl":{"start":{"line":20,"column":10},"end":{"line":20,"column":11}},"loc":{"start":{"line":20,"column":18},"end":{"line":22,"column":3}},"line":20},"1":{"name":"(anonymous_1)","decl":{"start":{"line":23,"column":11},"end":{"line":23,"column":12}},"loc":{"start":{"line":23,"column":19},"end":{"line":26,"column":3}},"line":23},"2":{"name":"(anonymous_2)","decl":{"start":{"line":28,"column":24},"end":{"line":28,"column":25}},"loc":{"start":{"line":28,"column":37},"end":{"line":32,"column":1}},"line":28}},"branchMap":{"0":{"loc":{"start":{"line":7,"column":12},"end":{"line":7,"column":49}},"type":"binary-expr","locations":[{"start":{"line":7,"column":12},"end":{"line":7,"column":32}},{"start":{"line":7,"column":36},"end":{"line":7,"column":49}}],"line":7},"1":{"loc":{"start":{"line":12,"column":0},"end":{"line":16,"column":1}},"type":"if","locations":[{"start":{"line":12,"column":0},"end":{"line":16,"column":1}},{"start":{"line":12,"column":0},"end":{"line":16,"column":1}}],"line":12},"2":{"loc":{"start":{"line":21,"column":11},"end":{"line":21,"column":89}},"type":"binary-expr","locations":[{"start":{"line":21,"column":12},"end":{"line":21,"column":35}},{"start":{"line":21,"column":41},"end":{"line":21,"column":58}},{"start":{"line":21,"column":64},"end":{"line":21,"column":88}}],"line":21},"3":{"loc":{"start":{"line":29,"column":2},"end":{"line":31,"column":3}},"type":"if","locations":[{"start":{"line":29,"column":2},"end":{"line":31,"column":3}},{"start":{"line":29,"column":2},"end":{"line":31,"column":3}}],"line":29}},"s":{"0":1,"1":1,"2":1,"3":1,"4":1,"5":1,"6":1,"7":1,"8":0,"9":1,"10":1,"11":5,"12":4,"13":4,"14":1,"15":4,"16":4,"17":1,"18":1,"19":1},"f":{"0":5,"1":4,"2":4},"b":{"0":[1,0],"1":[0,1],"2":[5,5,4],"3":[4,0]},"_coverageSchema":"1a1c01bbd47fc00a2c39e90264f33305004495a9","hash":"3a71c533a82ca546626e347136effcfdfc83b498"}
,"/Users/bayuaslama/Documents/phase3/final/server/models/merchant.js": {"path":"/Users/bayuaslama/Documents/phase3/final/server/models/merchant.js","statementMap":{"0":{"start":{"line":2,"column":0},"end":{"line":110,"column":2}},"1":{"start":{"line":4,"column":2},"end":{"line":104,"column":4}},"2":{"start":{"line":105,"column":2},"end":{"line":108,"column":4}},"3":{"start":{"line":106,"column":4},"end":{"line":106,"column":66}},"4":{"start":{"line":109,"column":2},"end":{"line":109,"column":18}}},"fnMap":{"0":{"name":"(anonymous_0)","decl":{"start":{"line":2,"column":17},"end":{"line":2,"column":18}},"loc":{"start":{"line":2,"column":43},"end":{"line":110,"column":1}},"line":2},"1":{"name":"(anonymous_1)","decl":{"start":{"line":105,"column":23},"end":{"line":105,"column":24}},"loc":{"start":{"line":105,"column":40},"end":{"line":108,"column":3}},"line":105}},"branchMap":{},"s":{"0":1,"1":1,"2":1,"3":1,"4":1},"f":{"0":1,"1":1},"b":{},"_coverageSchema":"1a1c01bbd47fc00a2c39e90264f33305004495a9","hash":"74f0881424ae10403b4295bc7e4ab9b39f7adc04"}
,"/Users/bayuaslama/Documents/phase3/final/server/models/queue.js": {"path":"/Users/bayuaslama/Documents/phase3/final/server/models/queue.js","statementMap":{"0":{"start":{"line":2,"column":0},"end":{"line":77,"column":2}},"1":{"start":{"line":4,"column":2},"end":{"line":70,"column":4}},"2":{"start":{"line":71,"column":2},"end":{"line":75,"column":4}},"3":{"start":{"line":72,"column":4},"end":{"line":72,"column":66}},"4":{"start":{"line":73,"column":4},"end":{"line":73,"column":64}},"5":{"start":{"line":76,"column":2},"end":{"line":76,"column":15}}},"fnMap":{"0":{"name":"(anonymous_0)","decl":{"start":{"line":2,"column":17},"end":{"line":2,"column":18}},"loc":{"start":{"line":2,"column":43},"end":{"line":77,"column":1}},"line":2},"1":{"name":"(anonymous_1)","decl":{"start":{"line":71,"column":20},"end":{"line":71,"column":21}},"loc":{"start":{"line":71,"column":38},"end":{"line":75,"column":3}},"line":71}},"branchMap":{},"s":{"0":1,"1":1,"2":1,"3":1,"4":1,"5":1},"f":{"0":1,"1":1},"b":{},"_coverageSchema":"1a1c01bbd47fc00a2c39e90264f33305004495a9","hash":"6a52603451a5c73877b28d0a9963f618c15fbc80"}
,"/Users/bayuaslama/Documents/phase3/final/server/models/service.js": {"path":"/Users/bayuaslama/Documents/phase3/final/server/models/service.js","statementMap":{"0":{"start":{"line":2,"column":0},"end":{"line":86,"column":2}},"1":{"start":{"line":4,"column":2},"end":{"line":79,"column":5}},"2":{"start":{"line":80,"column":2},"end":{"line":84,"column":4}},"3":{"start":{"line":81,"column":4},"end":{"line":81,"column":62}},"4":{"start":{"line":82,"column":4},"end":{"line":82,"column":68}},"5":{"start":{"line":85,"column":2},"end":{"line":85,"column":17}}},"fnMap":{"0":{"name":"(anonymous_0)","decl":{"start":{"line":2,"column":17},"end":{"line":2,"column":18}},"loc":{"start":{"line":2,"column":43},"end":{"line":86,"column":1}},"line":2},"1":{"name":"(anonymous_1)","decl":{"start":{"line":80,"column":22},"end":{"line":80,"column":23}},"loc":{"start":{"line":80,"column":39},"end":{"line":84,"column":3}},"line":80}},"branchMap":{},"s":{"0":1,"1":1,"2":1,"3":1,"4":1,"5":1},"f":{"0":1,"1":1},"b":{},"_coverageSchema":"1a1c01bbd47fc00a2c39e90264f33305004495a9","hash":"3c7a2bdb555c7200ba80888e85bd6b54a1266234"}
,"/Users/bayuaslama/Documents/phase3/final/server/routers/index.js": {"path":"/Users/bayuaslama/Documents/phase3/final/server/routers/index.js","statementMap":{"0":{"start":{"line":1,"column":15},"end":{"line":1,"column":42}},"1":{"start":{"line":2,"column":24},"end":{"line":2,"column":65}},"2":{"start":{"line":3,"column":26},"end":{"line":3,"column":69}},"3":{"start":{"line":4,"column":27},"end":{"line":4,"column":71}},"4":{"start":{"line":5,"column":17},"end":{"line":5,"column":47}},"5":{"start":{"line":6,"column":27},"end":{"line":6,"column":71}},"6":{"start":{"line":9,"column":0},"end":{"line":9,"column":53}},"7":{"start":{"line":11,"column":0},"end":{"line":11,"column":47}},"8":{"start":{"line":14,"column":0},"end":{"line":14,"column":68}},"9":{"start":{"line":17,"column":0},"end":{"line":17,"column":62}},"10":{"start":{"line":20,"column":0},"end":{"line":20,"column":59}},"11":{"start":{"line":22,"column":0},"end":{"line":22,"column":59}},"12":{"start":{"line":25,"column":0},"end":{"line":25,"column":55}},"13":{"start":{"line":27,"column":0},"end":{"line":27,"column":63}},"14":{"start":{"line":29,"column":0},"end":{"line":29,"column":77}},"15":{"start":{"line":30,"column":0},"end":{"line":30,"column":45}},"16":{"start":{"line":31,"column":0},"end":{"line":31,"column":56}},"17":{"start":{"line":34,"column":0},"end":{"line":34,"column":32}},"18":{"start":{"line":36,"column":0},"end":{"line":36,"column":23}}},"fnMap":{},"branchMap":{},"s":{"0":1,"1":1,"2":1,"3":1,"4":1,"5":1,"6":1,"7":1,"8":1,"9":1,"10":1,"11":1,"12":1,"13":1,"14":1,"15":1,"16":1,"17":1,"18":1},"f":{},"b":{},"_coverageSchema":"1a1c01bbd47fc00a2c39e90264f33305004495a9","hash":"3549579d5f1c087c182c51de12c2734e616d9910"}
}
