TN:
SF:app.js
FNF:0
FNH:0
DA:1,1
DA:2,1
DA:5,1
DA:6,1
DA:7,1
DA:8,1
DA:9,1
DA:11,1
DA:12,1
DA:13,1
DA:14,1
DA:15,1
DA:17,1
LF:13
LH:13
BRDA:1,0,0,1
BRDA:1,0,1,0
BRF:2
BRH:1
end_of_record
TN:
SF:controllers/customerController.js
FN:4,(anonymous_0)
FN:7,(anonymous_1)
FN:17,(anonymous_2)
FN:25,(anonymous_3)
FNF:4
FNH:0
FNDA:0,(anonymous_0)
FNDA:0,(anonymous_1)
FNDA:0,(anonymous_2)
FNDA:0,(anonymous_3)
DA:1,1
DA:5,0
DA:6,0
DA:8,0
DA:9,0
DA:18,0
DA:19,0
DA:26,0
DA:27,0
DA:36,1
LF:10
LH:2
BRF:0
BRH:0
end_of_record
TN:
SF:controllers/merchantController.js
FN:4,(anonymous_0)
FN:6,(anonymous_1)
FN:12,(anonymous_2)
FN:15,(anonymous_3)
FNF:4
FNH:2
FNDA:1,(anonymous_0)
FNDA:1,(anonymous_1)
FNDA:0,(anonymous_2)
FNDA:0,(anonymous_3)
DA:1,1
DA:5,1
DA:7,1
DA:13,0
DA:14,0
DA:16,0
DA:17,0
DA:30,1
LF:8
LH:4
BRF:0
BRH:0
end_of_record
TN:
SF:controllers/queueController.js
FN:6,(anonymous_0)
FN:17,(anonymous_1)
FN:20,(anonymous_2)
FN:23,(anonymous_3)
FN:34,(anonymous_4)
FN:43,(anonymous_5)
FN:47,(anonymous_6)
FN:52,(anonymous_7)
FN:67,(anonymous_8)
FN:68,(anonymous_9)
FN:73,(anonymous_10)
FN:79,(anonymous_11)
FN:94,(anonymous_12)
FN:95,(anonymous_13)
FN:100,(anonymous_14)
FN:106,(anonymous_15)
FN:123,(anonymous_16)
FN:124,(anonymous_17)
FN:129,(anonymous_18)
FN:134,(anonymous_19)
FN:146,(anonymous_20)
FN:149,(anonymous_21)
FNF:22
FNH:13
FNDA:5,(anonymous_0)
FNDA:5,(anonymous_1)
FNDA:2,(anonymous_2)
FNDA:2,(anonymous_3)
FNDA:1,(anonymous_4)
FNDA:1,(anonymous_5)
FNDA:1,(anonymous_6)
FNDA:1,(anonymous_7)
FNDA:1,(anonymous_8)
FNDA:0,(anonymous_9)
FNDA:0,(anonymous_10)
FNDA:0,(anonymous_11)
FNDA:0,(anonymous_12)
FNDA:0,(anonymous_13)
FNDA:0,(anonymous_14)
FNDA:1,(anonymous_15)
FNDA:1,(anonymous_16)
FNDA:0,(anonymous_17)
FNDA:0,(anonymous_18)
FNDA:3,(anonymous_19)
FNDA:3,(anonymous_20)
FNDA:0,(anonymous_21)
DA:1,1
DA:2,1
DA:3,1
DA:7,5
DA:9,5
DA:18,5
DA:19,4
DA:21,2
DA:24,2
DA:27,1
DA:35,1
DA:36,1
DA:44,1
DA:45,0
DA:48,1
DA:53,1
DA:54,1
DA:68,1
DA:69,0
DA:71,1
DA:74,0
DA:80,0
DA:81,0
DA:95,0
DA:96,0
DA:98,0
DA:101,0
DA:107,1
DA:108,1
DA:124,1
DA:125,0
DA:127,1
DA:130,0
DA:135,3
DA:137,3
DA:147,3
DA:150,0
DA:155,1
LF:38
LH:26
BRDA:18,0,0,4
BRDA:18,0,1,1
BRF:2
BRH:2
end_of_record
TN:
SF:controllers/serviceController.js
FN:4,(anonymous_0)
FN:11,(anonymous_1)
FN:14,(anonymous_2)
FNF:3
FNH:2
FNDA:1,(anonymous_0)
FNDA:1,(anonymous_1)
FNDA:0,(anonymous_2)
DA:1,1
DA:5,1
DA:6,1
DA:12,1
DA:15,0
DA:20,1
LF:6
LH:5
BRF:0
BRH:0
end_of_record
TN:
SF:helpers/jwt.js
FN:3,generateToken
FN:7,verifyToken
FNF:2
FNH:0
FNDA:0,generateToken
FNDA:0,verifyToken
DA:1,1
DA:4,0
DA:8,0
DA:11,1
LF:4
LH:2
BRF:0
BRH:0
end_of_record
TN:
SF:helpers/qrVerify.js
FN:4,(anonymous_0)
FN:17,(anonymous_1)
FN:27,(anonymous_2)
FNF:3
FNH:0
FNDA:0,(anonymous_0)
FNDA:0,(anonymous_1)
FNDA:0,(anonymous_2)
DA:1,1
DA:2,1
DA:4,1
DA:5,0
DA:6,0
DA:7,0
DA:8,0
DA:9,0
DA:18,0
DA:19,0
DA:21,0
DA:28,0
DA:31,0
DA:37,0
DA:41,1
LF:15
LH:4
BRDA:8,0,0,0
BRDA:8,0,1,0
BRDA:18,1,0,0
BRDA:18,1,1,0
BRF:4
BRH:0
end_of_record
TN:
SF:middlewares/errorHandler.js
FN:1,(anonymous_0)
FNF:1
FNH:1
FNDA:4,(anonymous_0)
DA:1,1
DA:2,4
DA:3,4
DA:4,4
DA:7,4
DA:8,2
DA:9,2
DA:10,2
DA:11,2
DA:13,2
DA:18,2
DA:19,0
DA:20,0
DA:21,0
DA:23,0
DA:24,0
DA:28,2
DA:29,1
DA:30,1
DA:34,1
DA:35,0
DA:36,0
DA:40,1
DA:41,0
DA:42,0
DA:47,1
DA:48,0
DA:49,0
DA:56,4
DA:59,1
LF:30
LH:19
BRDA:7,0,0,2
BRDA:7,0,1,2
BRDA:18,1,0,0
BRDA:18,1,1,2
BRDA:28,2,0,1
BRDA:28,2,1,1
BRDA:34,3,0,0
BRDA:34,3,1,1
BRDA:40,4,0,0
BRDA:40,4,1,1
BRDA:47,5,0,0
BRDA:47,5,1,1
BRF:12
BRH:8
end_of_record
TN:
SF:models/customer.js
FN:2,(anonymous_0)
FN:35,(anonymous_1)
FNF:2
FNH:2
FNDA:1,(anonymous_0)
FNDA:1,(anonymous_1)
DA:2,1
DA:4,1
DA:35,1
DA:36,1
DA:39,1
LF:5
LH:5
BRF:0
BRH:0
end_of_record
TN:
SF:models/index.js
FN:20,(anonymous_0)
FN:23,(anonymous_1)
FN:28,(anonymous_2)
FNF:3
FNH:3
FNDA:5,(anonymous_0)
FNDA:4,(anonymous_1)
FNDA:4,(anonymous_2)
DA:3,1
DA:4,1
DA:5,1
DA:6,1
DA:7,1
DA:8,1
DA:9,1
DA:12,1
DA:13,0
DA:15,1
DA:18,1
DA:21,5
DA:24,4
DA:25,4
DA:28,1
DA:29,4
DA:30,4
DA:34,1
DA:35,1
DA:37,1
LF:20
LH:19
BRDA:7,0,0,1
BRDA:7,0,1,0
BRDA:12,1,0,0
BRDA:12,1,1,1
BRDA:21,2,0,5
BRDA:21,2,1,5
BRDA:21,2,2,4
BRDA:29,3,0,4
BRDA:29,3,1,0
BRF:9
BRH:6
end_of_record
TN:
SF:models/merchant.js
FN:2,(anonymous_0)
FN:105,(anonymous_1)
FNF:2
FNH:2
FNDA:1,(anonymous_0)
FNDA:1,(anonymous_1)
DA:2,1
DA:4,1
DA:105,1
DA:106,1
DA:109,1
LF:5
LH:5
BRF:0
BRH:0
end_of_record
TN:
SF:models/queue.js
FN:2,(anonymous_0)
FN:71,(anonymous_1)
FNF:2
FNH:2
FNDA:1,(anonymous_0)
FNDA:1,(anonymous_1)
DA:2,1
DA:4,1
DA:71,1
DA:72,1
DA:73,1
DA:76,1
LF:6
LH:6
BRF:0
BRH:0
end_of_record
TN:
SF:models/service.js
FN:2,(anonymous_0)
FN:80,(anonymous_1)
FNF:2
FNH:2
FNDA:1,(anonymous_0)
FNDA:1,(anonymous_1)
DA:2,1
DA:4,1
DA:80,1
DA:81,1
DA:82,1
DA:85,1
LF:6
LH:6
BRF:0
BRH:0
end_of_record
TN:
SF:routers/index.js
FNF:0
FNH:0
DA:1,1
DA:2,1
DA:3,1
DA:4,1
DA:5,1
DA:6,1
DA:9,1
DA:11,1
DA:14,1
DA:17,1
DA:20,1
DA:22,1
DA:25,1
DA:27,1
DA:29,1
DA:30,1
DA:31,1
DA:34,1
DA:36,1
LF:19
LH:19
BRF:0
BRH:0
end_of_record
